{"name": "test_sample2", "status": "failed", "statusDetails": {"message": "AssertionError: assert 6 == 5", "trace": "def test_sample2():\n>       assert 6 == 5\nE       assert 6 == 5\n\nvenv\\4DEC2023_API\\test_lab001.py:10: AssertionError"}, "start": 1703197101428, "stop": 1703197101429, "uuid": "75fe3a62-576f-40b5-8fd0-d92f8fb9a42c", "historyId": "21079f5dca636858d23e24c2640a8084", "testCaseId": "21079f5dca636858d23e24c2640a8084", "fullName": "venv.4DEC2023_API.test_lab001#test_sample2", "labels": [{"name": "parentSuite", "value": "venv.4DEC2023_API"}, {"name": "suite", "value": "test_lab001"}, {"name": "host", "value": "DESKTOP-IJKKFJ1"}, {"name": "thread", "value": "9656-MainThread"}, {"name": "framework", "value": "pytest"}, {"name": "language", "value": "cpython3"}, {"name": "package", "value": "venv.4DEC2023_API.test_lab001"}]}